Build started 5/5/2012 3:12:36 PM.
     1>Project "C:\Users\tudalex\Desktop\acm\E\E\E.vcxproj" on node 2 (build target(s)).
     1>InitializeBuildStatus:
         Creating "Debug\E.unsuccessfulbuild" because "AlwaysCreate" was specified.
       ClCompile:
         C:\Program Files (x86)\Microsoft Visual Studio 10.0\VC\bin\CL.exe /c /ZI /nologo /W3 /WX- /Od /Oy- /D WIN32 /D _DEBUG /D _CONSOLE /D _UNICODE /D UNICODE /Gm /EHsc /RTC1 /MDd /GS /fp:precise /Zc:wchar_t /Zc:forScope /Fo"Debug\\" /Fd"Debug\vc100.pdb" /Gd /TP /analyze- /errorReport:prompt E.cpp
         E.cpp
     1>c:\users\tudalex\desktop\acm\e\e\e.cpp(20): warning C4996: 'freopen': This function or variable may be unsafe. Consider using freopen_s instead. To disable deprecation, use _CRT_SECURE_NO_WARNINGS. See online help for details.
                 c:\program files (x86)\microsoft visual studio 10.0\vc\include\stdio.h(249) : see declaration of 'freopen'
     1>c:\users\tudalex\desktop\acm\e\e\e.cpp(21): warning C4996: 'freopen': This function or variable may be unsafe. Consider using freopen_s instead. To disable deprecation, use _CRT_SECURE_NO_WARNINGS. See online help for details.
                 c:\program files (x86)\microsoft visual studio 10.0\vc\include\stdio.h(249) : see declaration of 'freopen'
     1>c:\users\tudalex\desktop\acm\e\e\e.cpp(34): warning C4996: 'scanf': This function or variable may be unsafe. Consider using scanf_s instead. To disable deprecation, use _CRT_SECURE_NO_WARNINGS. See online help for details.
                 c:\program files (x86)\microsoft visual studio 10.0\vc\include\stdio.h(304) : see declaration of 'scanf'
     1>c:\users\tudalex\desktop\acm\e\e\e.cpp(43): warning C4996: 'scanf': This function or variable may be unsafe. Consider using scanf_s instead. To disable deprecation, use _CRT_SECURE_NO_WARNINGS. See online help for details.
                 c:\program files (x86)\microsoft visual studio 10.0\vc\include\stdio.h(304) : see declaration of 'scanf'
     1>c:\users\tudalex\desktop\acm\e\e\e.cpp(75): warning C4018: '<' : signed/unsigned mismatch
       ManifestResourceCompile:
         All outputs are up-to-date.
       Link:
         C:\Program Files (x86)\Microsoft Visual Studio 10.0\VC\bin\link.exe /ERRORREPORT:PROMPT /OUT:"C:\Users\tudalex\Desktop\acm\E\Debug\E.exe" /INCREMENTAL /NOLOGO kernel32.lib user32.lib gdi32.lib winspool.lib comdlg32.lib advapi32.lib shell32.lib ole32.lib oleaut32.lib uuid.lib odbc32.lib odbccp32.lib /MANIFEST /ManifestFile:"Debug\E.exe.intermediate.manifest" /MANIFESTUAC:"level='asInvoker' uiAccess='false'" /DEBUG /PDB:"C:\Users\tudalex\Desktop\acm\E\Debug\E.pdb" /SUBSYSTEM:CONSOLE /TLBID:1 /DYNAMICBASE /NXCOMPAT /IMPLIB:"C:\Users\tudalex\Desktop\acm\E\Debug\E.lib" /MACHINE:X86 Debug\E.exe.embed.manifest.res
         Debug\E.obj
       Manifest:
         C:\Program Files (x86)\Microsoft SDKs\Windows\v7.0A\bin\mt.exe /nologo /verbose /out:"Debug\E.exe.embed.manifest" /manifest Debug\E.exe.intermediate.manifest
         All outputs are up-to-date.
       LinkEmbedManifest:
         All outputs are up-to-date.
         E.vcxproj -> C:\Users\tudalex\Desktop\acm\E\Debug\E.exe
       FinalizeBuildStatus:
         Deleting file "Debug\E.unsuccessfulbuild".
         Touching "Debug\E.lastbuildstate".
     1>Done Building Project "C:\Users\tudalex\Desktop\acm\E\E\E.vcxproj" (build target(s)).

Build succeeded.

Time Elapsed 00:00:00.84
